<?xml version="1.0" encoding="UTF-8"?>
<testng-results skipped="0" failed="0" total="1" passed="1">
  <reporter-output>
  </reporter-output>
  <suite name="Default suite" duration-ms="13145" started-at="2019-09-14T16:22:36Z" finished-at="2019-09-14T16:22:49Z">
    <groups>
    </groups>
    <test name="Default test" duration-ms="13145" started-at="2019-09-14T16:22:36Z" finished-at="2019-09-14T16:22:49Z">
      <class name="TestCase">
        <test-method status="PASS" signature="setUp()[pri:0, instance:TestCase@5ca609]" name="setUp" is-config="true" duration-ms="6364" started-at="2019-09-14T18:22:36Z" finished-at="2019-09-14T18:22:42Z">
          <reporter-output>
          </reporter-output>
        </test-method> <!-- setUp -->
        <test-method status="PASS" signature="testCase()[pri:0, instance:TestCase@5ca609]" name="testCase" duration-ms="6058" started-at="2019-09-14T18:22:42Z" finished-at="2019-09-14T18:22:48Z">
          <reporter-output>
          </reporter-output>
        </test-method> <!-- testCase -->
        <test-method status="PASS" signature="tearDown()[pri:0, instance:TestCase@5ca609]" name="tearDown" is-config="true" duration-ms="702" started-at="2019-09-14T18:22:48Z" finished-at="2019-09-14T18:22:49Z">
          <reporter-output>
          </reporter-output>
        </test-method> <!-- tearDown -->
      </class> <!-- TestCase -->
    </test> <!-- Default test -->
  </suite> <!-- Default suite -->
</testng-results>
